[35m[Appium][39m Welcome to Appium v1.8.1
[35m[Appium][39m Non-default server args:
[35m[Appium][39m   port: 65378
[35m[Appium][39m   loglevel: info
[35m[Appium][39m   chromeDriverPort: 65380
[35m[Appium][39m   tmpDir: C:\Users\future.wei\AppData\Local\Temp\\Katalon\Appium\Temp1563516702217
[35m[Appium][39m Appium REST http interface listener started on 0.0.0.0:65378
[35m[HTTP][39m [37m-->[39m [37mGET[39m [37m/wd/hub/status[39m
[35m[HTTP][39m [90m{}[39m
[35m[HTTP][39m [37m<-- GET /wd/hub/status [39m[32m200[39m [90m57 ms - 83[39m
[35m[HTTP][39m [90m[39m
[35m[HTTP][39m [37m-->[39m [37mGET[39m [37m/wd/hub/status[39m
[35m[HTTP][39m [90m{}[39m
[35m[HTTP][39m [37m<-- GET /wd/hub/status [39m[32m200[39m [90m56 ms - 83[39m
[35m[HTTP][39m [90m[39m
[35m[HTTP][39m [37m-->[39m [37mPOST[39m [37m/wd/hub/session[39m
[35m[HTTP][39m [90m{"desiredCapabilities":{"app":"D:\\future.wei\\download\\HelloWorld_v1.0_apkpure.com.apk","autoGrantPermissions":true,"automationName":"uiautomator2","deviceName":"emulator-5554 (Android SDK built for x86_64 - Android 8.0.0)","fullReset":false,"newCommandTimeout":1800,"noReset":true,"platform":"ANDROID","platformName":"Android","udid":"emulator-5554"},"capabilities":{"desiredCapabilities":{"app":"D:\\future.wei\\download\\HelloWorld_v1.0_apkpure.com.apk","autoGrantPermissions":true,"automationName":"uiautomator2","deviceName":"emulator-5554 (Android SDK built for x86_64 - Android 8.0.0)","fullReset":false,"newCommandTimeout":1800,"noReset":true,"platform":"ANDROID","platformName":"Android","udid":"emulator-5554"},"firstMatch":[{"platformName":"android"}]}}[39m
[35m[Appium][39m Could not parse W3C capabilities: 'deviceName' can't be blank. Falling back to JSONWP protocol.
[35m[Appium][39m The following capabilities were provided in the JSONWP desired capabilities that are missing in W3C capabilities: ["app","autoGrantPermissions","automationName","deviceName","fullReset","newCommandTimeout","noReset","platform","platformName","udid"]. Falling back to JSONWP protocol.
[35m[Appium][39m Creating new AndroidUiautomator2Driver (v1.12.0) session
[35m[Appium][39m Capabilities:
[35m[Appium][39m   app: D:\future.wei\download\HelloWorld_v1.0_apkpure.com.apk
[35m[Appium][39m   autoGrantPermissions: true
[35m[Appium][39m   automationName: uiautomator2
[35m[Appium][39m   deviceName: emulator-5554 (Android SDK built for x86_64 - Android 8.0.0)
[35m[Appium][39m   fullReset: false
[35m[Appium][39m   newCommandTimeout: 1800
[35m[Appium][39m   noReset: true
[35m[Appium][39m   platform: ANDROID
[35m[Appium][39m   platformName: Android
[35m[Appium][39m   udid: emulator-5554
[35m[BaseDriver][39m The following capabilities were provided, but are not recognized by appium: platform.
[35m[BaseDriver][39m Session created with session id: e830318b-8285-40eb-a173-baf0db87c54d
[35m[BaseDriver][39m Using local app 'D:\future.wei\download\HelloWorld_v1.0_apkpure.com.apk'
[35m[AndroidDriver][39m Java version is: 1.8.0_181
[35m[ADB][39m Checking whether adb is present
[35m[ADB][39m Found 1 'build-tools' folders under 'C:\Users\future.wei\.katalon\tools\android_sdk' (newest first):
[35m[ADB][39m     C:/Users/future.wei/.katalon/tools/android_sdk/build-tools/28.0.2
[35m[ADB][39m Using adb.exe from C:\Users\future.wei\.katalon\tools\android_sdk\platform-tools\adb.exe
[35m[AndroidDriver][39m Retrieving device list
[35m[AndroidDriver][39m Using device: emulator-5554
[35m[ADB][39m Using the alternative activity name detection method because of: Could not find apkanalyzer.bat in C:\Users\future.wei\.katalon\tools\android_sdk\platform-tools\apkanalyzer.bat,C:\Users\future.wei\.katalon\tools\android_sdk\emulator\apkanalyzer.bat,C:\Users\future.wei\.katalon\tools\android_sdk\tools\apkanalyzer.bat,C:\Users\future.wei\.katalon\tools\android_sdk\tools\bin\apkanalyzer.bat,C:\Users\future.wei\.katalon\tools\android_sdk\build-tools\28.0.2\apkanalyzer.bat. Do you have the Android SDK installed at 'C:\Users\future.wei\.katalon\tools\android_sdk'?
[35m[ADB][39m Checking whether aapt is present
[35m[ADB][39m Using aapt.exe from C:\Users\future.wei\.katalon\tools\android_sdk\build-tools\28.0.2\aapt.exe
[35m[ADB][39m Extracting package and launch activity from manifest
[35m[ADB][39m Package name: 'my.v1rtyoz.helloworld'
[35m[ADB][39m Main activity name: 'my.v1rtyoz.helloworld.MainActivity'
[35m[ADB][39m Getting device platform version
[35m[ADB][39m Using apksigner.bat from C:\Users\future.wei\.katalon\tools\android_sdk\build-tools\28.0.2\apksigner.bat
[35m[ADB][39m Checking whether zipalign is present
[35m[ADB][39m Using zipalign.exe from C:\Users\future.wei\.katalon\tools\android_sdk\build-tools\28.0.2\zipalign.exe
[35m[ADB][39m io.appium.uiautomator2.server was successfully uninstalled
[35m[ADB][39m io.appium.uiautomator2.server.test was successfully uninstalled
[35m[AndroidDriver][39m setDeviceLanguageCountry requires language or country.
[35m[AndroidDriver][39m Got language: 'null' and country: 'null'
[35m[ADB][39m Successfully extracted 16 strings from 'D:\future.wei\download\HelloWorld_v1.0_apkpure.com.apk' resources for '(default)' configuration
[35m[UiAutomator2][39m Starting uiautomator2 server 1.12.0
[35m[UiAutomator2][39m Using UIAutomator2 server from 'C:\Users\future.wei\AppData\Roaming\npm\node_modules\appium\node_modules\appium-uiautomator2-server\apks\appium-uiautomator2-server-v1.12.0.apk' and test from 'C:\Users\future.wei\AppData\Roaming\npm\node_modules\appium\node_modules\appium-uiautomator2-server\apks\appium-uiautomator2-server-debug-androidTest.apk'
[35m[UiAutomator2][39m Running command: 'adb -s emulator-5554 shell am instrument -w io.appium.uiautomator2.server.test/android.support.test.runner.AndroidJUnitRunner'
[35m[UiAutomator2][39m Waiting up to 20000ms for UiAutomator2 to be online...
[35m[AndroidDriver][39m Screen already unlocked, doing nothing
[35m[UiAutomator2][39m UiAutomator2 did not start the activity we were waiting for, 'my.v1rtyoz.helloworld/my.v1rtyoz.helloworld.MainActivity'. Starting it ourselves
[35m[Appium][39m New AndroidUiautomator2Driver session created successfully, session e830318b-8285-40eb-a173-baf0db87c54d added to master session list
[35m[HTTP][39m [37m<-- POST /wd/hub/session [39m[32m200[39m [90m25296 ms - 1216[39m
[35m[HTTP][39m [90m[39m
[35m[HTTP][39m [37m-->[39m [37mGET[39m [37m/wd/hub/status[39m
[35m[HTTP][39m [90m{}[39m
[35m[HTTP][39m [37m<-- GET /wd/hub/status [39m[32m200[39m [90m58 ms - 55[39m
[35m[HTTP][39m [90m[39m
[35m[HTTP][39m [37m-->[39m [37mPOST[39m [37m/wd/hub/session/e830318b-8285-40eb-a173-baf0db87c54d/timeouts[39m
[35m[HTTP][39m [90m{"type":"implicit","ms":60000}[39m
[35m[HTTP][39m [37m<-- POST /wd/hub/session/e830318b-8285-40eb-a173-baf0db87c54d/timeouts [39m[33m400[39m [90m15 ms - 5468[39m
[35m[HTTP][39m [90m[39m
[35m[HTTP][39m [37m-->[39m [37mGET[39m [37m/wd/hub/session/e830318b-8285-40eb-a173-baf0db87c54d/source[39m
[35m[HTTP][39m [90m{}[39m
[35m[W3C][39m Driver proxy active, passing request on via HTTP proxy
[35m[JSONWP Proxy][39m Replacing sessionId f3f8dcd3-925f-47b2-a4f5-9a8380a14566 with e830318b-8285-40eb-a173-baf0db87c54d
[35m[HTTP][39m [37m<-- GET /wd/hub/session/e830318b-8285-40eb-a173-baf0db87c54d/source [39m[32m200[39m [90m396 ms - 7473[39m
[35m[HTTP][39m [90m[39m
[35m[HTTP][39m [37m-->[39m [37mGET[39m [37m/wd/hub/session/e830318b-8285-40eb-a173-baf0db87c54d/screenshot[39m
[35m[HTTP][39m [90m{}[39m
[35m[HTTP][39m [37m<-- GET /wd/hub/session/e830318b-8285-40eb-a173-baf0db87c54d/screenshot [39m[32m200[39m [90m524 ms - 57142[39m
[35m[HTTP][39m [90m[39m
[35m[HTTP][39m [37m-->[39m [37mGET[39m [37m/wd/hub/session/e830318b-8285-40eb-a173-baf0db87c54d/source[39m
[35m[HTTP][39m [90m{}[39m
[35m[W3C][39m Driver proxy active, passing request on via HTTP proxy
[35m[JSONWP Proxy][39m Replacing sessionId f3f8dcd3-925f-47b2-a4f5-9a8380a14566 with e830318b-8285-40eb-a173-baf0db87c54d
[35m[HTTP][39m [37m<-- GET /wd/hub/session/e830318b-8285-40eb-a173-baf0db87c54d/source [39m[32m200[39m [90m159 ms - 7473[39m
[35m[HTTP][39m [90m[39m
[35m[HTTP][39m [37m-->[39m [37mGET[39m [37m/wd/hub/session/e830318b-8285-40eb-a173-baf0db87c54d/screenshot[39m
[35m[HTTP][39m [90m{}[39m
[35m[HTTP][39m [37m<-- GET /wd/hub/session/e830318b-8285-40eb-a173-baf0db87c54d/screenshot [39m[32m200[39m [90m435 ms - 57142[39m
[35m[HTTP][39m [90m[39m
[35m[HTTP][39m [37m-->[39m [37mDELETE[39m [37m/wd/hub/session/e830318b-8285-40eb-a173-baf0db87c54d[39m
[35m[HTTP][39m [90m{}[39m
[35m[Appium][39m Removing session e830318b-8285-40eb-a173-baf0db87c54d from our master session list
[35m[HTTP][39m [37m<-- DELETE /wd/hub/session/e830318b-8285-40eb-a173-baf0db87c54d [39m[32m200[39m [90m234 ms - 76[39m
[35m[HTTP][39m [90m[39m
