[35m[Appium][39m Welcome to Appium v1.9.0 (REV 66c803fff4568c0d5802006d71a911f9009649fe)
[35m[Appium][39m Non-default server args:
[35m[Appium][39m   port: 65227
[35m[Appium][39m   loglevel: info
[35m[Appium][39m   chromeDriverPort: 65228
[35m[Appium][39m   tmpDir: C:\Users\future.wei\AppData\Local\Temp\\Katalon\Appium\Temp1563445689008
[35m[Appium][39m Appium REST http interface listener started on 0.0.0.0:65227
[35m[HTTP][39m [37m-->[39m [37mGET[39m [37m/wd/hub/status[39m
[35m[HTTP][39m [90m{}[39m
[35m[HTTP][39m [37m<-- GET /wd/hub/status [39m[32m200[39m [90m75 ms - 121[39m
[35m[HTTP][39m [90m[39m
[35m[HTTP][39m [37m-->[39m [37mPOST[39m [37m/wd/hub/session[39m
[35m[HTTP][39m [90m{"desiredCapabilities":{"browserName":"Chrome","deviceName":"emulator-5554 (Android SDK built for x86_64 - Android 8.0.0)","newCommandTimeout":1800,"platform":"ANDROID","platformName":"Android","udid":"emulator-5554"},"capabilities":{"desiredCapabilities":{"browserName":"Chrome","deviceName":"emulator-5554 (Android SDK built for x86_64 - Android 8.0.0)","newCommandTimeout":1800,"platform":"ANDROID","platformName":"Android","udid":"emulator-5554"},"firstMatch":[{"browserName":"Chrome","platformName":"android"}]}}[39m
[35m[Appium][39m Could not parse W3C capabilities: 'deviceName' can't be blank
[35m[Appium][39m Trying to fix W3C capabilities by merging them with JSONWP caps
[35m[BaseDriver][39m The capabilities ["deviceName","newCommandTimeout","platform","udid"] are not standard capabilities and should have an extension prefix
[35m[Appium][39m Creating new AndroidDriver (v3.7.0) session
[35m[Appium][39m Capabilities:
[35m[Appium][39m   deviceName: emulator-5554 (Android SDK built for x86_64 - Android 8.0.0)
[35m[Appium][39m   newCommandTimeout: 1800
[35m[Appium][39m   platform: ANDROID
[35m[Appium][39m   udid: emulator-5554
[35m[Appium][39m   browserName: Chrome
[35m[Appium][39m   platformName: android
[35m[BaseDriver][39m The following capabilities were provided, but are not recognized by appium: platform.
[35m[BaseDriver][39m Session created with session id: a9147d82-6bff-4d96-8e16-bd1c90d78e2e
[35m[AndroidDriver][39m Java version is: 1.8.0_181
[35m[AndroidDriver][39m We're going to run a Chrome-based session
[35m[AndroidDriver][39m Chrome-type package and activity are com.android.chrome and com.google.android.apps.chrome.Main
[35m[ADB][39m Checking whether adb is present
[35m[ADB][39m Found 1 'build-tools' folders under 'C:\Users\future.wei\.katalon\tools\android_sdk' (newest first):
[35m[ADB][39m     C:/Users/future.wei/.katalon/tools/android_sdk/build-tools/28.0.2
[35m[ADB][39m Using adb.exe from C:\Users\future.wei\.katalon\tools\android_sdk\platform-tools\adb.exe
[35m[AndroidDriver][39m Retrieving device list
[35m[AndroidDriver][39m Using device: emulator-5554
[35m[AndroidDriver][39m Consider setting 'automationName' capability to 'uiautomator2' on Android >= 6, since UIAutomator framework is not maintained anymore by the OS vendor.
[35m[AndroidDriver][39m App file was not listed, instead we're going to run com.android.chrome directly on the device
[35m[HTTP][39m [37m<-- POST /wd/hub/session [39m[31m500[39m [90m1216 ms - 1411[39m
[35m[HTTP][39m [90m[39m
[35m[HTTP][39m [37m-->[39m [37mGET[39m [37m/wd/hub/status[39m
[35m[HTTP][39m [90m{}[39m
[35m[HTTP][39m [37m<-- GET /wd/hub/status [39m[32m200[39m [90m43 ms - 93[39m
[35m[HTTP][39m [90m[39m
[35m[HTTP][39m [37m-->[39m [37mPOST[39m [37m/wd/hub/session[39m
[35m[HTTP][39m [90m{"desiredCapabilities":{"browserName":"Chrome","deviceName":"emulator-5554 (Android SDK built for x86_64 - Android 8.0.0)","newCommandTimeout":1800,"platform":"ANDROID","platformName":"Android","udid":"emulator-5554"},"capabilities":{"desiredCapabilities":{"browserName":"Chrome","deviceName":"emulator-5554 (Android SDK built for x86_64 - Android 8.0.0)","newCommandTimeout":1800,"platform":"ANDROID","platformName":"Android","udid":"emulator-5554"},"firstMatch":[{"browserName":"Chrome","platformName":"android"}]}}[39m
[35m[Appium][39m Could not parse W3C capabilities: 'deviceName' can't be blank
[35m[Appium][39m Trying to fix W3C capabilities by merging them with JSONWP caps
[35m[BaseDriver][39m The capabilities ["deviceName","newCommandTimeout","platform","udid"] are not standard capabilities and should have an extension prefix
[35m[Appium][39m Creating new AndroidDriver (v3.7.0) session
[35m[Appium][39m Capabilities:
[35m[Appium][39m   deviceName: emulator-5554 (Android SDK built for x86_64 - Android 8.0.0)
[35m[Appium][39m   newCommandTimeout: 1800
[35m[Appium][39m   platform: ANDROID
[35m[Appium][39m   udid: emulator-5554
[35m[Appium][39m   browserName: Chrome
[35m[Appium][39m   platformName: android
[35m[BaseDriver][39m The following capabilities were provided, but are not recognized by appium: platform.
[35m[BaseDriver][39m Session created with session id: 1a863287-3351-4a45-a3d1-07901204c080
[35m[AndroidDriver][39m Java version is: 1.8.0_181
[35m[AndroidDriver][39m We're going to run a Chrome-based session
[35m[AndroidDriver][39m Chrome-type package and activity are com.android.chrome and com.google.android.apps.chrome.Main
[35m[AndroidDriver][39m Retrieving device list
[35m[AndroidDriver][39m Using device: emulator-5554
[35m[AndroidDriver][39m Consider setting 'automationName' capability to 'uiautomator2' on Android >= 6, since UIAutomator framework is not maintained anymore by the OS vendor.
[35m[AndroidDriver][39m App file was not listed, instead we're going to run com.android.chrome directly on the device
[35m[HTTP][39m [37m<-- POST /wd/hub/session [39m[32m-[39m [90m- ms - -[39m
[35m[HTTP][39m [90m[39m
